<?xml version="1.0" encoding="UTF-8"?>
<testng-results ignored="0" total="1" passed="1" failed="0" skipped="0">
  <reporter-output>
  </reporter-output>
  <suite started-at="2022-04-18T14:00:32 IST" name="Default suite" finished-at="2022-04-18T14:00:46 IST" duration-ms="13477">
    <groups>
    </groups>
    <test started-at="2022-04-18T14:00:32 IST" name="Default test" finished-at="2022-04-18T14:00:46 IST" duration-ms="13477">
      <class name="com.mystore.test.LoginpageTest">
        <test-method is-config="true" signature="Openbrowser()[pri:0, instance:com.mystore.test.LoginpageTest@1a18644]" started-at="2022-04-18T14:00:32 IST" name="Openbrowser" finished-at="2022-04-18T14:00:40 IST" duration-ms="8043" status="PASS">
          <reporter-output>
          </reporter-output>
        </test-method> <!-- Openbrowser -->
        <test-method signature="clicksignbtn()[pri:0, instance:com.mystore.test.LoginpageTest@1a18644]" started-at="2022-04-18T14:00:40 IST" name="clicksignbtn" finished-at="2022-04-18T14:00:46 IST" duration-ms="5396" status="PASS">
          <reporter-output>
          </reporter-output>
        </test-method> <!-- clicksignbtn -->
      </class> <!-- com.mystore.test.LoginpageTest -->
    </test> <!-- Default test -->
  </suite> <!-- Default suite -->
</testng-results>
